<?xml version="1.0" encoding="UTF-8"?>
<!-- Generated by org.testng.reporters.JUnitReportReporter -->
<testsuite hostname="LAPTOP-9QFBHCIE" name="runner.TestController" tests="1" failures="0" timestamp="10 Jul 2020 17:32:11 GMT" time="155.184" errors="0">
  <testcase name="TestCaseController" time="155.184" classname="runner.TestController"/>
</testsuite> <!-- runner.TestController -->
